{
"contracts/NextiaToken.sol":{"l":{"14":22,"20":7,"24":2,"29":3,"33":3,"42":43},"path":"/home/jorgesensei33/proyectos/nextia/trading/token/contracts/NextiaToken.sol","s":{"1":22,"2":7,"3":2,"4":3,"5":3,"6":43},"b":{"1":[7,1],"2":[2,1],"3":[3,2],"4":[3,1]},"f":{"1":22,"2":7,"3":2,"4":3,"5":3,"6":43},"fnMap":{"1":{"name":"constructor","line":12,"loc":{"start":{"line":10,"column":4},"end":{"line":15,"column":4}}},"2":{"name":"pause","line":19,"loc":{"start":{"line":19,"column":4},"end":{"line":21,"column":4}}},"3":{"name":"unpause","line":23,"loc":{"start":{"line":23,"column":4},"end":{"line":25,"column":4}}},"4":{"name":"mint","line":28,"loc":{"start":{"line":28,"column":4},"end":{"line":30,"column":4}}},"5":{"name":"approve","line":32,"loc":{"start":{"line":32,"column":4},"end":{"line":34,"column":0}}},"6":{"name":"_update","line":38,"loc":{"start":{"line":38,"column":4},"end":{"line":43,"column":4}}}},"statementMap":{"1":{"start":{"line":14,"column":8},"end":{"line":14,"column":41}},"2":{"start":{"line":20,"column":8},"end":{"line":20,"column":15}},"3":{"start":{"line":24,"column":8},"end":{"line":24,"column":17}},"4":{"start":{"line":29,"column":8},"end":{"line":29,"column":24}},"5":{"start":{"line":33,"column":4},"end":{"line":33,"column":41}},"6":{"start":{"line":42,"column":8},"end":{"line":42,"column":37}}},"branchMap":{"1":{"line":19,"type":"if","locations":[{"start":{"line":19,"column":28},"end":{"line":19,"column":28}},{"start":{"line":19,"column":28},"end":{"line":19,"column":28}}]},"2":{"line":23,"type":"if","locations":[{"start":{"line":23,"column":30},"end":{"line":23,"column":30}},{"start":{"line":23,"column":30},"end":{"line":23,"column":30}}]},"3":{"line":28,"type":"if","locations":[{"start":{"line":28,"column":53},"end":{"line":28,"column":53}},{"start":{"line":28,"column":53},"end":{"line":28,"column":53}}]},"4":{"line":32,"type":"if","locations":[{"start":{"line":32,"column":70},"end":{"line":32,"column":70}},{"start":{"line":32,"column":70},"end":{"line":32,"column":70}}]}}}}
